07-10 08:57:56 sierra_kicad_order.action_sierra_quote 899:Sierra Circuits Quote plugin version: 3.0 started
07-10 08:57:56 STDOUT 1252:send:
07-10 08:57:56 STDOUT 1252:b'POST /kiprod/client HTTP/1.1\r\nAccept-Encoding: identity\r\nContent-Length: 52\r\nHost: api.protoexpress-api.net\r\nUser-Agent: Python-urllib/3.9\r\nContent-Type: application/json\r\nAuthorization: Basic 1929a4e4-1eef-11ee-b286-04421a5a0b5d\r\nConnection: close\r\n\r\n'
07-10 08:57:56 STDOUT 1252:send:
07-10 08:57:56 STDOUT 1252:b'{"client_id":"1929a4e4-1eef-11ee-b286-04421a5a0b5d"}'
07-10 08:57:58 STDOUT 1252:reply:
07-10 08:57:58 STDOUT 1252:'HTTP/1.1 200 OK\r\n'
07-10 08:57:58 STDOUT 1252:header:
07-10 08:57:58 STDOUT 1252:Date:
07-10 08:57:58 STDOUT 1252:Mon, 10 Jul 2023 06:57:58 GMT
07-10 08:57:58 STDOUT 1252:header:
07-10 08:57:58 STDOUT 1252:Content-Type:
07-10 08:57:58 STDOUT 1252:application/json
07-10 08:57:58 STDOUT 1252:header:
07-10 08:57:58 STDOUT 1252:Content-Length:
07-10 08:57:58 STDOUT 1252:32
07-10 08:57:58 STDOUT 1252:header:
07-10 08:57:58 STDOUT 1252:Connection:
07-10 08:57:58 STDOUT 1252:close
07-10 08:57:58 STDOUT 1252:header:
07-10 08:57:58 STDOUT 1252:x-amzn-RequestId:
07-10 08:57:58 STDOUT 1252:b7bb7ee8-7e81-4c46-be3d-7f23054998c5
07-10 08:57:58 STDOUT 1252:header:
07-10 08:57:58 STDOUT 1252:Access-Control-Allow-Origin:
07-10 08:57:58 STDOUT 1252:*
07-10 08:57:58 STDOUT 1252:header:
07-10 08:57:58 STDOUT 1252:Access-Control-Allow-Headers:
07-10 08:57:58 STDOUT 1252:*
07-10 08:57:58 STDOUT 1252:header:
07-10 08:57:58 STDOUT 1252:x-amz-apigw-id:
07-10 08:57:58 STDOUT 1252:H1fOWGcYoAMF9Pg=
07-10 08:57:58 STDOUT 1252:header:
07-10 08:57:58 STDOUT 1252:Access-Control-Allow-Methods:
07-10 08:57:58 STDOUT 1252:*
07-10 08:57:58 STDOUT 1252:header:
07-10 08:57:58 STDOUT 1252:X-Amzn-Trace-Id:
07-10 08:57:58 STDOUT 1252:Root=1-64ababf5-1f8e868e31c8a30e5eb72fcd;Sampled=0;lineage=4183c710:0|565c4136:0
07-10 08:57:58 STDERR 1252:C:\Users\Kaminari\Documents\KiCad\7.0\3rdparty\plugins\sierra_kicad_order\action_sierra_quote.py:109: wxPyDeprecationWarning: Call to deprecated item. Use SetSizeHints instead.
07-10 08:57:58 STDERR 1252:  self.SetSizeHintsSz(sz1, sz2)
07-10 08:57:58 STDOUT 1252:send:
07-10 08:57:58 STDOUT 1252:b'POST /kiprod/client HTTP/1.1\r\nAccept-Encoding: identity\r\nContent-Length: 52\r\nHost: api.protoexpress-api.net\r\nUser-Agent: Python-urllib/3.9\r\nContent-Type: application/json\r\nAuthorization: Basic 1929a4e4-1eef-11ee-b286-04421a5a0b5d\r\nConnection: close\r\n\r\n'
07-10 08:57:58 STDOUT 1252:send:
07-10 08:57:58 STDOUT 1252:b'{"client_id":"1929a4e4-1eef-11ee-b286-04421a5a0b5d"}'
07-10 08:57:58 STDOUT 1252:reply:
07-10 08:57:58 STDOUT 1252:'HTTP/1.1 200 OK\r\n'
07-10 08:57:58 STDOUT 1252:header:
07-10 08:57:58 STDOUT 1252:Date:
07-10 08:57:58 STDOUT 1252:Mon, 10 Jul 2023 06:57:59 GMT
07-10 08:57:58 STDOUT 1252:header:
07-10 08:57:58 STDOUT 1252:Content-Type:
07-10 08:57:58 STDOUT 1252:application/json
07-10 08:57:58 STDOUT 1252:header:
07-10 08:57:58 STDOUT 1252:Content-Length:
07-10 08:57:58 STDOUT 1252:32
07-10 08:57:58 STDOUT 1252:header:
07-10 08:57:58 STDOUT 1252:Connection:
07-10 08:57:58 STDOUT 1252:close
07-10 08:57:58 STDOUT 1252:header:
07-10 08:57:58 STDOUT 1252:x-amzn-RequestId:
07-10 08:57:58 STDOUT 1252:03983655-c293-42f9-a31d-8ce6ee4790ca
07-10 08:57:58 STDOUT 1252:header:
07-10 08:57:58 STDOUT 1252:Access-Control-Allow-Origin:
07-10 08:57:58 STDOUT 1252:*
07-10 08:57:58 STDOUT 1252:header:
07-10 08:57:58 STDOUT 1252:Access-Control-Allow-Headers:
07-10 08:57:58 STDOUT 1252:*
07-10 08:57:58 STDOUT 1252:header:
07-10 08:57:58 STDOUT 1252:x-amz-apigw-id:
07-10 08:57:58 STDOUT 1252:H1fOpH5OoAMFhvg=
07-10 08:57:58 STDOUT 1252:header:
07-10 08:57:58 STDOUT 1252:Access-Control-Allow-Methods:
07-10 08:57:58 STDOUT 1252:*
07-10 08:57:58 STDOUT 1252:header:
07-10 08:57:58 STDOUT 1252:X-Amzn-Trace-Id:
07-10 08:57:58 STDOUT 1252:Root=1-64ababf7-38076ce214a9140c09c99dbe;Sampled=0;lineage=565c4136:0
