07-12 03:58:45 com_github_MitjaNemec_ReplicateLayout.action_replicate_layout 400:Plugin executed on: 'win32'
07-12 03:58:45 com_github_MitjaNemec_ReplicateLayout.action_replicate_layout 401:Plugin executed with python version: '3.9.16 (main, May 18 2023, 07:48:16) [MSC v.1936 64 bit (AMD64)]'
07-12 03:58:45 com_github_MitjaNemec_ReplicateLayout.action_replicate_layout 402:KiCad build version: 7.0.5
07-12 03:58:45 com_github_MitjaNemec_ReplicateLayout.action_replicate_layout 403:Plugin version: 2.1.0
07-12 03:58:45 com_github_MitjaNemec_ReplicateLayout.action_replicate_layout 404:Frame repr: <wx._core.Frame object at 0x00000260B0FF9E50>
07-12 03:58:45 com_github_MitjaNemec_ReplicateLayout.action_replicate_layout 428:Preparing replicator with U13 as a reference
07-12 03:58:45 com_github_MitjaNemec_ReplicateLayout.replicate_layout 116:getting a list of all footprints on board
07-12 03:58:45 com_github_MitjaNemec_ReplicateLayout.replicate_layout 135:Footprint G*** does not have Sheetfile property, it will not be replicated. Most likely it is only in layout
07-12 03:58:45 com_github_MitjaNemec_ReplicateLayout.action_replicate_layout 476:source anchor footprint is 'U13'
Located on: ['DriverSocket2']
With filenames: ['DriverSocket.kicad_sch']
With sheet_id:['DriverSocket2']
07-12 03:58:45 com_github_MitjaNemec_ReplicateLayout.action_replicate_layout 483:Corresponding footprints are 
[('U13', ['DriverSocket2']), ('U5', ['DriverSocket1']), ('U4', ['DriverSocket'])]
07-12 03:58:45 com_github_MitjaNemec_ReplicateLayout.action_replicate_layout 495:Showing dialog
07-12 03:58:45 com_github_MitjaNemec_ReplicateLayout.replicate_layout 403:constructing a list of sheets suitable for replication on level:'DriverSocket2', file:'DriverSocket.kicad_sch'
07-12 03:58:45 com_github_MitjaNemec_ReplicateLayout.replicate_layout 440:suitable sheets are:[['DriverSocket'], ['DriverSocket1']]
07-12 03:58:45 com_github_MitjaNemec_ReplicateLayout.replicate_layout 1411:Level selected: ['DriverSocket2']
07-12 03:58:45 com_github_MitjaNemec_ReplicateLayout.replicate_layout 1246:Filtering list of tracks
07-12 03:58:45 com_github_MitjaNemec_ReplicateLayout.action_replicate_layout 501:Toolbar position: wx.Point(-37, 80)
07-12 03:58:45 com_github_MitjaNemec_ReplicateLayout.action_replicate_layout 506:Dialog position: wx.Point(-399, 80)
07-12 03:58:47 com_github_MitjaNemec_ReplicateLayout.replicate_layout 403:constructing a list of sheets suitable for replication on level:'DriverSocket2', file:'DriverSocket.kicad_sch'
07-12 03:58:47 com_github_MitjaNemec_ReplicateLayout.replicate_layout 440:suitable sheets are:[['DriverSocket'], ['DriverSocket1']]
07-12 03:58:47 com_github_MitjaNemec_ReplicateLayout.replicate_layout 1411:Level selected: ['DriverSocket2']
07-12 03:58:47 com_github_MitjaNemec_ReplicateLayout.replicate_layout 1246:Filtering list of tracks
07-12 03:58:47 com_github_MitjaNemec_ReplicateLayout.replicate_layout 403:constructing a list of sheets suitable for replication on level:'DriverSocket2', file:'DriverSocket.kicad_sch'
07-12 03:58:47 com_github_MitjaNemec_ReplicateLayout.replicate_layout 440:suitable sheets are:[['DriverSocket'], ['DriverSocket1']]
07-12 03:58:47 com_github_MitjaNemec_ReplicateLayout.replicate_layout 1411:Level selected: ['DriverSocket2']
07-12 03:58:47 com_github_MitjaNemec_ReplicateLayout.replicate_layout 1246:Filtering list of tracks
07-12 03:58:48 com_github_MitjaNemec_ReplicateLayout.replicate_layout 403:constructing a list of sheets suitable for replication on level:'DriverSocket2', file:'DriverSocket.kicad_sch'
07-12 03:58:48 com_github_MitjaNemec_ReplicateLayout.replicate_layout 440:suitable sheets are:[['DriverSocket'], ['DriverSocket1']]
07-12 03:58:48 com_github_MitjaNemec_ReplicateLayout.replicate_layout 1411:Level selected: ['DriverSocket2']
07-12 03:58:48 com_github_MitjaNemec_ReplicateLayout.replicate_layout 1246:Filtering list of tracks
07-12 03:58:48 com_github_MitjaNemec_ReplicateLayout.replicate_layout 403:constructing a list of sheets suitable for replication on level:'DriverSocket2', file:'DriverSocket.kicad_sch'
07-12 03:58:48 com_github_MitjaNemec_ReplicateLayout.replicate_layout 440:suitable sheets are:[['DriverSocket'], ['DriverSocket1']]
07-12 03:58:48 com_github_MitjaNemec_ReplicateLayout.replicate_layout 1411:Level selected: ['DriverSocket2']
07-12 03:58:53 com_github_MitjaNemec_ReplicateLayout.replicate_layout 403:constructing a list of sheets suitable for replication on level:'DriverSocket2', file:'DriverSocket.kicad_sch'
07-12 03:58:53 com_github_MitjaNemec_ReplicateLayout.replicate_layout 440:suitable sheets are:[['DriverSocket'], ['DriverSocket1']]
07-12 03:58:53 com_github_MitjaNemec_ReplicateLayout.action_replicate_layout 248:Replicating layout
07-12 03:58:53 com_github_MitjaNemec_ReplicateLayout.replicate_layout 239:Starting replication of sheets: [['DriverSocket'], ['DriverSocket1']]
on level: ['DriverSocket2']
with tracks=False, zone=False, text=False, text=False, intersecting=False, remove=False, locked footprints=False, group_only=False
07-12 03:58:53 root 340:updating GUI message: 'Preparing for replication'
07-12 03:58:53 root 345:updating GUI with: 0
07-12 03:58:53 com_github_MitjaNemec_ReplicateLayout.replicate_layout 309:Getting the list of source footprints
07-12 03:58:53 com_github_MitjaNemec_ReplicateLayout.replicate_layout 319:Getting the list of all the remaining footprints
07-12 03:58:53 com_github_MitjaNemec_ReplicateLayout.replicate_layout 326:Getting source tracks
07-12 03:58:53 com_github_MitjaNemec_ReplicateLayout.replicate_layout 1246:Filtering list of tracks
07-12 03:58:53 com_github_MitjaNemec_ReplicateLayout.replicate_layout 330:Getting source zones
07-12 03:58:53 com_github_MitjaNemec_ReplicateLayout.replicate_layout 334:Getting source text items
07-12 03:58:53 com_github_MitjaNemec_ReplicateLayout.replicate_layout 338:Getting source drawing items
07-12 03:58:53 root 340:updating GUI message: 'Replicating footprints'
07-12 03:58:53 com_github_MitjaNemec_ReplicateLayout.replicate_layout 754:Replicating footprints
07-12 03:58:53 com_github_MitjaNemec_ReplicateLayout.replicate_layout 761:Replicating footprints on sheet ['DriverSocket']
07-12 03:58:53 root 345:updating GUI with: 13
07-12 03:58:53 com_github_MitjaNemec_ReplicateLayout.replicate_layout 761:Replicating footprints on sheet ['DriverSocket1']
07-12 03:58:54 com_github_MitjaNemec_ReplicateLayout.action_replicate_layout 264:Replication complete
