08-10 06:27:07 com_github_MitjaNemec_ReplicateLayout.action_replicate_layout 400:Plugin executed on: 'win32'
08-10 06:27:07 com_github_MitjaNemec_ReplicateLayout.action_replicate_layout 401:Plugin executed with python version: '3.9.16 (main, May 18 2023, 07:48:16) [MSC v.1936 64 bit (AMD64)]'
08-10 06:27:07 com_github_MitjaNemec_ReplicateLayout.action_replicate_layout 402:KiCad build version: 7.0.5
08-10 06:27:07 com_github_MitjaNemec_ReplicateLayout.action_replicate_layout 403:Plugin version: 2.1.0
08-10 06:27:07 com_github_MitjaNemec_ReplicateLayout.action_replicate_layout 404:Frame repr: <wx._core.Frame object at 0x0000020519CBA700>
08-10 06:27:07 com_github_MitjaNemec_ReplicateLayout.action_replicate_layout 428:Preparing replicator with Q11 as a reference
08-10 06:27:07 com_github_MitjaNemec_ReplicateLayout.replicate_layout 116:getting a list of all footprints on board
08-10 06:27:07 com_github_MitjaNemec_ReplicateLayout.action_replicate_layout 476:source anchor footprint is 'Q11'
Located on: ['PhaseMosfets3']
With filenames: ['PhaseMosfets.kicad_sch']
With sheet_id:['PhaseMosfets3']
08-10 06:27:07 com_github_MitjaNemec_ReplicateLayout.action_replicate_layout 483:Corresponding footprints are 
[('Q3', ['PhaseMosfets1']), ('Q11', ['PhaseMosfets3']), ('Q7', ['PhaseMosfets2'])]
08-10 06:27:07 com_github_MitjaNemec_ReplicateLayout.action_replicate_layout 495:Showing dialog
08-10 06:27:07 com_github_MitjaNemec_ReplicateLayout.replicate_layout 403:constructing a list of sheets suitable for replication on level:'PhaseMosfets3', file:'PhaseMosfets.kicad_sch'
08-10 06:27:07 com_github_MitjaNemec_ReplicateLayout.replicate_layout 440:suitable sheets are:[['PhaseMosfets1'], ['PhaseMosfets2']]
08-10 06:27:07 com_github_MitjaNemec_ReplicateLayout.replicate_layout 1411:Level selected: ['PhaseMosfets3']
08-10 06:27:07 com_github_MitjaNemec_ReplicateLayout.replicate_layout 1246:Filtering list of tracks
08-10 06:27:07 com_github_MitjaNemec_ReplicateLayout.action_replicate_layout 501:Toolbar position: wx.Point(1883, 80)
08-10 06:27:07 com_github_MitjaNemec_ReplicateLayout.action_replicate_layout 506:Dialog position: wx.Point(1521, 80)
08-10 06:27:09 com_github_MitjaNemec_ReplicateLayout.replicate_layout 403:constructing a list of sheets suitable for replication on level:'PhaseMosfets3', file:'PhaseMosfets.kicad_sch'
08-10 06:27:09 com_github_MitjaNemec_ReplicateLayout.replicate_layout 440:suitable sheets are:[['PhaseMosfets1'], ['PhaseMosfets2']]
08-10 06:27:09 com_github_MitjaNemec_ReplicateLayout.replicate_layout 1411:Level selected: ['PhaseMosfets3']
08-10 06:27:09 com_github_MitjaNemec_ReplicateLayout.replicate_layout 403:constructing a list of sheets suitable for replication on level:'PhaseMosfets3', file:'PhaseMosfets.kicad_sch'
08-10 06:27:09 com_github_MitjaNemec_ReplicateLayout.replicate_layout 440:suitable sheets are:[['PhaseMosfets1'], ['PhaseMosfets2']]
08-10 06:27:09 com_github_MitjaNemec_ReplicateLayout.replicate_layout 1411:Level selected: ['PhaseMosfets3']
08-10 06:27:09 com_github_MitjaNemec_ReplicateLayout.replicate_layout 403:constructing a list of sheets suitable for replication on level:'PhaseMosfets3', file:'PhaseMosfets.kicad_sch'
08-10 06:27:09 com_github_MitjaNemec_ReplicateLayout.replicate_layout 440:suitable sheets are:[['PhaseMosfets1'], ['PhaseMosfets2']]
08-10 06:27:10 com_github_MitjaNemec_ReplicateLayout.replicate_layout 1411:Level selected: ['PhaseMosfets3']
08-10 06:27:10 com_github_MitjaNemec_ReplicateLayout.replicate_layout 403:constructing a list of sheets suitable for replication on level:'PhaseMosfets3', file:'PhaseMosfets.kicad_sch'
08-10 06:27:10 com_github_MitjaNemec_ReplicateLayout.replicate_layout 440:suitable sheets are:[['PhaseMosfets1'], ['PhaseMosfets2']]
08-10 06:27:10 com_github_MitjaNemec_ReplicateLayout.replicate_layout 1411:Level selected: ['PhaseMosfets3']
08-10 06:27:11 com_github_MitjaNemec_ReplicateLayout.replicate_layout 403:constructing a list of sheets suitable for replication on level:'PhaseMosfets3', file:'PhaseMosfets.kicad_sch'
08-10 06:27:11 com_github_MitjaNemec_ReplicateLayout.replicate_layout 440:suitable sheets are:[['PhaseMosfets1'], ['PhaseMosfets2']]
08-10 06:27:11 com_github_MitjaNemec_ReplicateLayout.action_replicate_layout 248:Replicating layout
08-10 06:27:11 com_github_MitjaNemec_ReplicateLayout.replicate_layout 239:Starting replication of sheets: [['PhaseMosfets1'], ['PhaseMosfets2']]
on level: ['PhaseMosfets3']
with tracks=False, zone=False, text=False, text=False, intersecting=False, remove=False, locked footprints=False, group_only=False
08-10 06:27:11 root 340:updating GUI message: 'Preparing for replication'
08-10 06:27:11 root 345:updating GUI with: 0
08-10 06:27:11 com_github_MitjaNemec_ReplicateLayout.replicate_layout 309:Getting the list of source footprints
08-10 06:27:11 com_github_MitjaNemec_ReplicateLayout.replicate_layout 319:Getting the list of all the remaining footprints
08-10 06:27:11 com_github_MitjaNemec_ReplicateLayout.replicate_layout 326:Getting source tracks
08-10 06:27:11 com_github_MitjaNemec_ReplicateLayout.replicate_layout 1246:Filtering list of tracks
08-10 06:27:11 com_github_MitjaNemec_ReplicateLayout.replicate_layout 330:Getting source zones
08-10 06:27:11 com_github_MitjaNemec_ReplicateLayout.replicate_layout 334:Getting source text items
08-10 06:27:11 com_github_MitjaNemec_ReplicateLayout.replicate_layout 338:Getting source drawing items
08-10 06:27:11 root 340:updating GUI message: 'Replicating footprints'
08-10 06:27:11 com_github_MitjaNemec_ReplicateLayout.replicate_layout 754:Replicating footprints
08-10 06:27:11 com_github_MitjaNemec_ReplicateLayout.replicate_layout 761:Replicating footprints on sheet ['PhaseMosfets1']
08-10 06:27:11 com_github_MitjaNemec_ReplicateLayout.replicate_layout 761:Replicating footprints on sheet ['PhaseMosfets2']
08-10 06:27:11 root 345:updating GUI with: 54
08-10 06:27:12 com_github_MitjaNemec_ReplicateLayout.action_replicate_layout 264:Replication complete
