08-07 01:47:08 com_github_MitjaNemec_ReplicateLayout.action_replicate_layout 400:Plugin executed on: 'win32'
08-07 01:47:08 com_github_MitjaNemec_ReplicateLayout.action_replicate_layout 401:Plugin executed with python version: '3.9.16 (main, May 18 2023, 07:48:16) [MSC v.1936 64 bit (AMD64)]'
08-07 01:47:08 com_github_MitjaNemec_ReplicateLayout.action_replicate_layout 402:KiCad build version: 7.0.5
08-07 01:47:08 com_github_MitjaNemec_ReplicateLayout.action_replicate_layout 403:Plugin version: 2.1.0
08-07 01:47:08 com_github_MitjaNemec_ReplicateLayout.action_replicate_layout 404:Frame repr: <wx._core.Frame object at 0x00000174A795AE50>
08-07 01:47:08 com_github_MitjaNemec_ReplicateLayout.action_replicate_layout 428:Preparing replicator with U25 as a reference
08-07 01:47:08 com_github_MitjaNemec_ReplicateLayout.replicate_layout 116:getting a list of all footprints on board
08-07 01:47:08 com_github_MitjaNemec_ReplicateLayout.replicate_layout 135:Footprint REF** does not have Sheetfile property, it will not be replicated. Most likely it is only in layout
08-07 01:47:08 com_github_MitjaNemec_ReplicateLayout.replicate_layout 135:Footprint G*** does not have Sheetfile property, it will not be replicated. Most likely it is only in layout
08-07 01:47:08 com_github_MitjaNemec_ReplicateLayout.replicate_layout 135:Footprint REF** does not have Sheetfile property, it will not be replicated. Most likely it is only in layout
08-07 01:47:08 com_github_MitjaNemec_ReplicateLayout.replicate_layout 135:Footprint REF** does not have Sheetfile property, it will not be replicated. Most likely it is only in layout
08-07 01:47:08 com_github_MitjaNemec_ReplicateLayout.action_replicate_layout 476:source anchor footprint is 'U25'
Located on: ['LogicConnectors', 'ShuntAmp1']
With filenames: ['logicconnectors.kicad_sch', 'ShuntAmp.kicad_sch']
With sheet_id:['LogicConnectors', 'ShuntAmp1']
08-07 01:47:08 com_github_MitjaNemec_ReplicateLayout.action_replicate_layout 483:Corresponding footprints are 
[('U26', ['LogicConnectors', 'ShuntAmp2']), ('U27', ['LogicConnectors', 'ShuntAmp3']), ('U25', ['LogicConnectors', 'ShuntAmp1'])]
08-07 01:47:08 com_github_MitjaNemec_ReplicateLayout.action_replicate_layout 495:Showing dialog
08-07 01:47:08 com_github_MitjaNemec_ReplicateLayout.replicate_layout 403:constructing a list of sheets suitable for replication on level:'ShuntAmp1', file:'ShuntAmp.kicad_sch'
08-07 01:47:08 com_github_MitjaNemec_ReplicateLayout.replicate_layout 440:suitable sheets are:[['LogicConnectors', 'ShuntAmp2'], ['LogicConnectors', 'ShuntAmp3']]
08-07 01:47:08 com_github_MitjaNemec_ReplicateLayout.replicate_layout 1411:Level selected: ['LogicConnectors', 'ShuntAmp1']
08-07 01:47:08 com_github_MitjaNemec_ReplicateLayout.replicate_layout 1246:Filtering list of tracks
08-07 01:47:08 com_github_MitjaNemec_ReplicateLayout.action_replicate_layout 501:Toolbar position: wx.Point(1699, 125)
08-07 01:47:08 com_github_MitjaNemec_ReplicateLayout.action_replicate_layout 506:Dialog position: wx.Point(1337, 125)
08-07 01:47:09 com_github_MitjaNemec_ReplicateLayout.replicate_layout 403:constructing a list of sheets suitable for replication on level:'ShuntAmp1', file:'ShuntAmp.kicad_sch'
08-07 01:47:09 com_github_MitjaNemec_ReplicateLayout.replicate_layout 440:suitable sheets are:[['LogicConnectors', 'ShuntAmp2'], ['LogicConnectors', 'ShuntAmp3']]
08-07 01:47:09 com_github_MitjaNemec_ReplicateLayout.replicate_layout 1411:Level selected: ['LogicConnectors', 'ShuntAmp1']
08-07 01:47:10 com_github_MitjaNemec_ReplicateLayout.replicate_layout 403:constructing a list of sheets suitable for replication on level:'ShuntAmp1', file:'ShuntAmp.kicad_sch'
08-07 01:47:10 com_github_MitjaNemec_ReplicateLayout.replicate_layout 440:suitable sheets are:[['LogicConnectors', 'ShuntAmp2'], ['LogicConnectors', 'ShuntAmp3']]
08-07 01:47:10 com_github_MitjaNemec_ReplicateLayout.replicate_layout 1411:Level selected: ['LogicConnectors', 'ShuntAmp1']
08-07 01:47:11 com_github_MitjaNemec_ReplicateLayout.replicate_layout 403:constructing a list of sheets suitable for replication on level:'ShuntAmp1', file:'ShuntAmp.kicad_sch'
08-07 01:47:11 com_github_MitjaNemec_ReplicateLayout.replicate_layout 440:suitable sheets are:[['LogicConnectors', 'ShuntAmp2'], ['LogicConnectors', 'ShuntAmp3']]
08-07 01:47:11 com_github_MitjaNemec_ReplicateLayout.replicate_layout 1411:Level selected: ['LogicConnectors', 'ShuntAmp1']
08-07 01:47:11 com_github_MitjaNemec_ReplicateLayout.replicate_layout 403:constructing a list of sheets suitable for replication on level:'ShuntAmp1', file:'ShuntAmp.kicad_sch'
08-07 01:47:11 com_github_MitjaNemec_ReplicateLayout.replicate_layout 440:suitable sheets are:[['LogicConnectors', 'ShuntAmp2'], ['LogicConnectors', 'ShuntAmp3']]
08-07 01:47:11 com_github_MitjaNemec_ReplicateLayout.replicate_layout 1411:Level selected: ['LogicConnectors', 'ShuntAmp1']
08-07 01:47:12 com_github_MitjaNemec_ReplicateLayout.replicate_layout 403:constructing a list of sheets suitable for replication on level:'ShuntAmp1', file:'ShuntAmp.kicad_sch'
08-07 01:47:12 com_github_MitjaNemec_ReplicateLayout.replicate_layout 440:suitable sheets are:[['LogicConnectors', 'ShuntAmp2'], ['LogicConnectors', 'ShuntAmp3']]
08-07 01:47:12 com_github_MitjaNemec_ReplicateLayout.action_replicate_layout 248:Replicating layout
08-07 01:47:12 com_github_MitjaNemec_ReplicateLayout.replicate_layout 239:Starting replication of sheets: [['LogicConnectors', 'ShuntAmp2'], ['LogicConnectors', 'ShuntAmp3']]
on level: ['LogicConnectors', 'ShuntAmp1']
with tracks=False, zone=False, text=False, text=False, intersecting=False, remove=False, locked footprints=False, group_only=False
08-07 01:47:12 root 340:updating GUI message: 'Preparing for replication'
08-07 01:47:12 root 345:updating GUI with: 0
08-07 01:47:12 com_github_MitjaNemec_ReplicateLayout.replicate_layout 309:Getting the list of source footprints
08-07 01:47:12 com_github_MitjaNemec_ReplicateLayout.replicate_layout 319:Getting the list of all the remaining footprints
08-07 01:47:12 com_github_MitjaNemec_ReplicateLayout.replicate_layout 326:Getting source tracks
08-07 01:47:12 com_github_MitjaNemec_ReplicateLayout.replicate_layout 1246:Filtering list of tracks
08-07 01:47:12 com_github_MitjaNemec_ReplicateLayout.replicate_layout 330:Getting source zones
08-07 01:47:12 root 345:updating GUI with: 50
08-07 01:47:12 com_github_MitjaNemec_ReplicateLayout.replicate_layout 334:Getting source text items
08-07 01:47:12 com_github_MitjaNemec_ReplicateLayout.replicate_layout 338:Getting source drawing items
08-07 01:47:12 root 340:updating GUI message: 'Replicating footprints'
08-07 01:47:12 com_github_MitjaNemec_ReplicateLayout.replicate_layout 754:Replicating footprints
08-07 01:47:12 com_github_MitjaNemec_ReplicateLayout.replicate_layout 761:Replicating footprints on sheet ['LogicConnectors', 'ShuntAmp2']
08-07 01:47:12 com_github_MitjaNemec_ReplicateLayout.replicate_layout 761:Replicating footprints on sheet ['LogicConnectors', 'ShuntAmp3']
08-07 01:47:13 com_github_MitjaNemec_ReplicateLayout.action_replicate_layout 264:Replication complete
